[2025-12-23 07:32:11] local.ERROR: Class "App\Models\BatterySetting" not found {"exception":"[object] (Error(code: 0): Class \"App\\Models\\BatterySetting\" not found at /home/user/SLR/app/Console/Commands/ScheduleUpdateBatteryTransactions.php:21)
[stacktrace]
#0 /home/user/SLR/vendor/laravel/framework/src/Illuminate/Container/BoundMethod.php(36): App\\Console\\Commands\\ScheduleUpdateBatteryTransactions->handle()
#1 /home/user/SLR/vendor/laravel/framework/src/Illuminate/Container/Util.php(41): Illuminate\\Container\\BoundMethod::Illuminate\\Container\\{closure}()
#2 /home/user/SLR/vendor/laravel/framework/src/Illuminate/Container/BoundMethod.php(93): Illuminate\\Container\\Util::unwrapIfClosure(Object(Closure))
#3 /home/user/SLR/vendor/laravel/framework/src/Illuminate/Container/BoundMethod.php(35): Illuminate\\Container\\BoundMethod::callBoundMethod(Object(Illuminate\\Foundation\\Application), Array, Object(Closure))
#4 /home/user/SLR/vendor/laravel/framework/src/Illuminate/Container/Container.php(662): Illuminate\\Container\\BoundMethod::call(Object(Illuminate\\Foundation\\Application), Array, Array, NULL)
#5 /home/user/SLR/vendor/laravel/framework/src/Illuminate/Console/Command.php(212): Illuminate\\Container\\Container->call(Array)
#6 /home/user/SLR/vendor/symfony/console/Command/Command.php(279): Illuminate\\Console\\Command->execute(Object(Symfony\\Component\\Console\\Input\\ArgvInput), Object(Illuminate\\Console\\OutputStyle))
#7 /home/user/SLR/vendor/laravel/framework/src/Illuminate/Console/Command.php(181): Symfony\\Component\\Console\\Command\\Command->run(Object(Symfony\\Component\\Console\\Input\\ArgvInput), Object(Illuminate\\Console\\OutputStyle))
#8 /home/user/SLR/vendor/symfony/console/Application.php(1049): Illuminate\\Console\\Command->run(Object(Symfony\\Component\\Console\\Input\\ArgvInput), Object(Symfony\\Component\\Console\\Output\\ConsoleOutput))
#9 /home/user/SLR/vendor/symfony/console/Application.php(318): Symfony\\Component\\Console\\Application->doRunCommand(Object(App\\Console\\Commands\\ScheduleUpdateBatteryTransactions), Object(Symfony\\Component\\Console\\Input\\ArgvInput), Object(Symfony\\Component\\Console\\Output\\ConsoleOutput))
#10 /home/user/SLR/vendor/symfony/console/Application.php(169): Symfony\\Component\\Console\\Application->doRun(Object(Symfony\\Component\\Console\\Input\\ArgvInput), Object(Symfony\\Component\\Console\\Output\\ConsoleOutput))
#11 /home/user/SLR/vendor/laravel/framework/src/Illuminate/Foundation/Console/Kernel.php(196): Symfony\\Component\\Console\\Application->run(Object(Symfony\\Component\\Console\\Input\\ArgvInput), Object(Symfony\\Component\\Console\\Output\\ConsoleOutput))
#12 /home/user/SLR/artisan(35): Illuminate\\Foundation\\Console\\Kernel->handle(Object(Symfony\\Component\\Console\\Input\\ArgvInput), Object(Symfony\\Component\\Console\\Output\\ConsoleOutput))
#13 {main}
"} 
[2025-12-23 07:33:07] local.ERROR: Add [datetime] to fillable property to allow mass assignment on [App\BatteryTransaction]. {"exception":"[object] (Illuminate\\Database\\Eloquent\\MassAssignmentException(code: 0): Add [datetime] to fillable property to allow mass assignment on [App\\BatteryTransaction]. at /home/user/SLR/vendor/laravel/framework/src/Illuminate/Database/Eloquent/Model.php:525)
[stacktrace]
#0 /home/user/SLR/vendor/laravel/framework/src/Illuminate/Database/Eloquent/Model.php(614): Illuminate\\Database\\Eloquent\\Model->fill(Array)
#1 /home/user/SLR/vendor/laravel/framework/src/Illuminate/Database/Eloquent/Builder.php(1540): Illuminate\\Database\\Eloquent\\Model->newInstance(Array)
#2 /home/user/SLR/vendor/laravel/framework/src/Illuminate/Database/Eloquent/Builder.php(1025): Illuminate\\Database\\Eloquent\\Builder->newModelInstance(Array)
#3 /home/user/SLR/vendor/laravel/framework/src/Illuminate/Support/Traits/ForwardsCalls.php(23): Illuminate\\Database\\Eloquent\\Builder->create(Array)
#4 /home/user/SLR/vendor/laravel/framework/src/Illuminate/Database/Eloquent/Model.php(2339): Illuminate\\Database\\Eloquent\\Model->forwardCallTo(Object(Illuminate\\Database\\Eloquent\\Builder), 'create', Array)
#5 /home/user/SLR/vendor/laravel/framework/src/Illuminate/Database/Eloquent/Model.php(2351): Illuminate\\Database\\Eloquent\\Model->__call('create', Array)
#6 /home/user/SLR/app/Console/Commands/ScheduleUpdateBatteryTransactions.php(36): Illuminate\\Database\\Eloquent\\Model::__callStatic('create', Array)
#7 /home/user/SLR/vendor/laravel/framework/src/Illuminate/Container/BoundMethod.php(36): App\\Console\\Commands\\ScheduleUpdateBatteryTransactions->handle()
#8 /home/user/SLR/vendor/laravel/framework/src/Illuminate/Container/Util.php(41): Illuminate\\Container\\BoundMethod::Illuminate\\Container\\{closure}()
#9 /home/user/SLR/vendor/laravel/framework/src/Illuminate/Container/BoundMethod.php(93): Illuminate\\Container\\Util::unwrapIfClosure(Object(Closure))
#10 /home/user/SLR/vendor/laravel/framework/src/Illuminate/Container/BoundMethod.php(35): Illuminate\\Container\\BoundMethod::callBoundMethod(Object(Illuminate\\Foundation\\Application), Array, Object(Closure))
#11 /home/user/SLR/vendor/laravel/framework/src/Illuminate/Container/Container.php(662): Illuminate\\Container\\BoundMethod::call(Object(Illuminate\\Foundation\\Application), Array, Array, NULL)
#12 /home/user/SLR/vendor/laravel/framework/src/Illuminate/Console/Command.php(212): Illuminate\\Container\\Container->call(Array)
#13 /home/user/SLR/vendor/symfony/console/Command/Command.php(279): Illuminate\\Console\\Command->execute(Object(Symfony\\Component\\Console\\Input\\ArgvInput), Object(Illuminate\\Console\\OutputStyle))
#14 /home/user/SLR/vendor/laravel/framework/src/Illuminate/Console/Command.php(181): Symfony\\Component\\Console\\Command\\Command->run(Object(Symfony\\Component\\Console\\Input\\ArgvInput), Object(Illuminate\\Console\\OutputStyle))
#15 /home/user/SLR/vendor/symfony/console/Application.php(1049): Illuminate\\Console\\Command->run(Object(Symfony\\Component\\Console\\Input\\ArgvInput), Object(Symfony\\Component\\Console\\Output\\ConsoleOutput))
#16 /home/user/SLR/vendor/symfony/console/Application.php(318): Symfony\\Component\\Console\\Application->doRunCommand(Object(App\\Console\\Commands\\ScheduleUpdateBatteryTransactions), Object(Symfony\\Component\\Console\\Input\\ArgvInput), Object(Symfony\\Component\\Console\\Output\\ConsoleOutput))
#17 /home/user/SLR/vendor/symfony/console/Application.php(169): Symfony\\Component\\Console\\Application->doRun(Object(Symfony\\Component\\Console\\Input\\ArgvInput), Object(Symfony\\Component\\Console\\Output\\ConsoleOutput))
#18 /home/user/SLR/vendor/laravel/framework/src/Illuminate/Foundation/Console/Kernel.php(196): Symfony\\Component\\Console\\Application->run(Object(Symfony\\Component\\Console\\Input\\ArgvInput), Object(Symfony\\Component\\Console\\Output\\ConsoleOutput))
#19 /home/user/SLR/artisan(35): Illuminate\\Foundation\\Console\\Kernel->handle(Object(Symfony\\Component\\Console\\Input\\ArgvInput), Object(Symfony\\Component\\Console\\Output\\ConsoleOutput))
#20 {main}
"} 
[2025-12-23 07:33:25] local.ERROR: SQLSTATE[23000]: Integrity constraint violation: 19 NOT NULL constraint failed: battery_transactions.price_cents (Connection: sqlite, SQL: insert into "battery_transactions" ("datetime", "action", "updated_at", "created_at") values (2025-12-23 07:33:25, discharge, 2025-12-23 07:33:25, 2025-12-23 07:33:25)) {"exception":"[object] (Illuminate\\Database\\QueryException(code: 23000): SQLSTATE[23000]: Integrity constraint violation: 19 NOT NULL constraint failed: battery_transactions.price_cents (Connection: sqlite, SQL: insert into \"battery_transactions\" (\"datetime\", \"action\", \"updated_at\", \"created_at\") values (2025-12-23 07:33:25, discharge, 2025-12-23 07:33:25, 2025-12-23 07:33:25)) at /home/user/SLR/vendor/laravel/framework/src/Illuminate/Database/Connection.php:813)
[stacktrace]
#0 /home/user/SLR/vendor/laravel/framework/src/Illuminate/Database/Connection.php(767): Illuminate\\Database\\Connection->runQueryCallback('insert into \"ba...', Array, Object(Closure))
#1 /home/user/SLR/vendor/laravel/framework/src/Illuminate/Database/Connection.php(560): Illuminate\\Database\\Connection->run('insert into \"ba...', Array, Object(Closure))
#2 /home/user/SLR/vendor/laravel/framework/src/Illuminate/Database/Connection.php(524): Illuminate\\Database\\Connection->statement('insert into \"ba...', Array)
#3 /home/user/SLR/vendor/laravel/framework/src/Illuminate/Database/Query/Processors/Processor.php(32): Illuminate\\Database\\Connection->insert('insert into \"ba...', Array)
#4 /home/user/SLR/vendor/laravel/framework/src/Illuminate/Database/Query/Builder.php(3560): Illuminate\\Database\\Query\\Processors\\Processor->processInsertGetId(Object(Illuminate\\Database\\Query\\Builder), 'insert into \"ba...', Array, 'id')
#5 /home/user/SLR/vendor/laravel/framework/src/Illuminate/Database/Eloquent/Builder.php(1971): Illuminate\\Database\\Query\\Builder->insertGetId(Array, 'id')
#6 /home/user/SLR/vendor/laravel/framework/src/Illuminate/Database/Eloquent/Model.php(1338): Illuminate\\Database\\Eloquent\\Builder->__call('insertGetId', Array)
#7 /home/user/SLR/vendor/laravel/framework/src/Illuminate/Database/Eloquent/Model.php(1303): Illuminate\\Database\\Eloquent\\Model->insertAndSetId(Object(Illuminate\\Database\\Eloquent\\Builder), Array)
#8 /home/user/SLR/vendor/laravel/framework/src/Illuminate/Database/Eloquent/Model.php(1142): Illuminate\\Database\\Eloquent\\Model->performInsert(Object(Illuminate\\Database\\Eloquent\\Builder))
#9 /home/user/SLR/vendor/laravel/framework/src/Illuminate/Database/Eloquent/Builder.php(1026): Illuminate\\Database\\Eloquent\\Model->save()
#10 /home/user/SLR/vendor/laravel/framework/src/Illuminate/Support/helpers.php(345): Illuminate\\Database\\Eloquent\\Builder->Illuminate\\Database\\Eloquent\\{closure}(Object(App\\BatteryTransaction))
#11 /home/user/SLR/vendor/laravel/framework/src/Illuminate/Database/Eloquent/Builder.php(1025): tap(Object(App\\BatteryTransaction), Object(Closure))
#12 /home/user/SLR/vendor/laravel/framework/src/Illuminate/Support/Traits/ForwardsCalls.php(23): Illuminate\\Database\\Eloquent\\Builder->create(Array)
#13 /home/user/SLR/vendor/laravel/framework/src/Illuminate/Database/Eloquent/Model.php(2339): Illuminate\\Database\\Eloquent\\Model->forwardCallTo(Object(Illuminate\\Database\\Eloquent\\Builder), 'create', Array)
#14 /home/user/SLR/vendor/laravel/framework/src/Illuminate/Database/Eloquent/Model.php(2351): Illuminate\\Database\\Eloquent\\Model->__call('create', Array)
#15 /home/user/SLR/app/Console/Commands/ScheduleUpdateBatteryTransactions.php(36): Illuminate\\Database\\Eloquent\\Model::__callStatic('create', Array)
#16 /home/user/SLR/vendor/laravel/framework/src/Illuminate/Container/BoundMethod.php(36): App\\Console\\Commands\\ScheduleUpdateBatteryTransactions->handle()
#17 /home/user/SLR/vendor/laravel/framework/src/Illuminate/Container/Util.php(41): Illuminate\\Container\\BoundMethod::Illuminate\\Container\\{closure}()
#18 /home/user/SLR/vendor/laravel/framework/src/Illuminate/Container/BoundMethod.php(93): Illuminate\\Container\\Util::unwrapIfClosure(Object(Closure))
#19 /home/user/SLR/vendor/laravel/framework/src/Illuminate/Container/BoundMethod.php(35): Illuminate\\Container\\BoundMethod::callBoundMethod(Object(Illuminate\\Foundation\\Application), Array, Object(Closure))
#20 /home/user/SLR/vendor/laravel/framework/src/Illuminate/Container/Container.php(662): Illuminate\\Container\\BoundMethod::call(Object(Illuminate\\Foundation\\Application), Array, Array, NULL)
#21 /home/user/SLR/vendor/laravel/framework/src/Illuminate/Console/Command.php(212): Illuminate\\Container\\Container->call(Array)
#22 /home/user/SLR/vendor/symfony/console/Command/Command.php(279): Illuminate\\Console\\Command->execute(Object(Symfony\\Component\\Console\\Input\\ArgvInput), Object(Illuminate\\Console\\OutputStyle))
#23 /home/user/SLR/vendor/laravel/framework/src/Illuminate/Console/Command.php(181): Symfony\\Component\\Console\\Command\\Command->run(Object(Symfony\\Component\\Console\\Input\\ArgvInput), Object(Illuminate\\Console\\OutputStyle))
#24 /home/user/SLR/vendor/symfony/console/Application.php(1049): Illuminate\\Console\\Command->run(Object(Symfony\\Component\\Console\\Input\\ArgvInput), Object(Symfony\\Component\\Console\\Output\\ConsoleOutput))
#25 /home/user/SLR/vendor/symfony/console/Application.php(318): Symfony\\Component\\Console\\Application->doRunCommand(Object(App\\Console\\Commands\\ScheduleUpdateBatteryTransactions), Object(Symfony\\Component\\Console\\Input\\ArgvInput), Object(Symfony\\Component\\Console\\Output\\ConsoleOutput))
#26 /home/user/SLR/vendor/symfony/console/Application.php(169): Symfony\\Component\\Console\\Application->doRun(Object(Symfony\\Component\\Console\\Input\\ArgvInput), Object(Symfony\\Component\\Console\\Output\\ConsoleOutput))
#27 /home/user/SLR/vendor/laravel/framework/src/Illuminate/Foundation/Console/Kernel.php(196): Symfony\\Component\\Console\\Application->run(Object(Symfony\\Component\\Console\\Input\\ArgvInput), Object(Symfony\\Component\\Console\\Output\\ConsoleOutput))
#28 /home/user/SLR/artisan(35): Illuminate\\Foundation\\Console\\Kernel->handle(Object(Symfony\\Component\\Console\\Input\\ArgvInput), Object(Symfony\\Component\\Console\\Output\\ConsoleOutput))
#29 {main}

[previous exception] [object] (PDOException(code: 23000): SQLSTATE[23000]: Integrity constraint violation: 19 NOT NULL constraint failed: battery_transactions.price_cents at /home/user/SLR/vendor/laravel/framework/src/Illuminate/Database/Connection.php:571)
[stacktrace]
#0 /home/user/SLR/vendor/laravel/framework/src/Illuminate/Database/Connection.php(571): PDOStatement->execute()
#1 /home/user/SLR/vendor/laravel/framework/src/Illuminate/Database/Connection.php(800): Illuminate\\Database\\Connection->Illuminate\\Database\\{closure}('insert into \"ba...', Array)
#2 /home/user/SLR/vendor/laravel/framework/src/Illuminate/Database/Connection.php(767): Illuminate\\Database\\Connection->runQueryCallback('insert into \"ba...', Array, Object(Closure))
#3 /home/user/SLR/vendor/laravel/framework/src/Illuminate/Database/Connection.php(560): Illuminate\\Database\\Connection->run('insert into \"ba...', Array, Object(Closure))
#4 /home/user/SLR/vendor/laravel/framework/src/Illuminate/Database/Connection.php(524): Illuminate\\Database\\Connection->statement('insert into \"ba...', Array)
#5 /home/user/SLR/vendor/laravel/framework/src/Illuminate/Database/Query/Processors/Processor.php(32): Illuminate\\Database\\Connection->insert('insert into \"ba...', Array)
#6 /home/user/SLR/vendor/laravel/framework/src/Illuminate/Database/Query/Builder.php(3560): Illuminate\\Database\\Query\\Processors\\Processor->processInsertGetId(Object(Illuminate\\Database\\Query\\Builder), 'insert into \"ba...', Array, 'id')
#7 /home/user/SLR/vendor/laravel/framework/src/Illuminate/Database/Eloquent/Builder.php(1971): Illuminate\\Database\\Query\\Builder->insertGetId(Array, 'id')
#8 /home/user/SLR/vendor/laravel/framework/src/Illuminate/Database/Eloquent/Model.php(1338): Illuminate\\Database\\Eloquent\\Builder->__call('insertGetId', Array)
#9 /home/user/SLR/vendor/laravel/framework/src/Illuminate/Database/Eloquent/Model.php(1303): Illuminate\\Database\\Eloquent\\Model->insertAndSetId(Object(Illuminate\\Database\\Eloquent\\Builder), Array)
#10 /home/user/SLR/vendor/laravel/framework/src/Illuminate/Database/Eloquent/Model.php(1142): Illuminate\\Database\\Eloquent\\Model->performInsert(Object(Illuminate\\Database\\Eloquent\\Builder))
#11 /home/user/SLR/vendor/laravel/framework/src/Illuminate/Database/Eloquent/Builder.php(1026): Illuminate\\Database\\Eloquent\\Model->save()
#12 /home/user/SLR/vendor/laravel/framework/src/Illuminate/Support/helpers.php(345): Illuminate\\Database\\Eloquent\\Builder->Illuminate\\Database\\Eloquent\\{closure}(Object(App\\BatteryTransaction))
#13 /home/user/SLR/vendor/laravel/framework/src/Illuminate/Database/Eloquent/Builder.php(1025): tap(Object(App\\BatteryTransaction), Object(Closure))
#14 /home/user/SLR/vendor/laravel/framework/src/Illuminate/Support/Traits/ForwardsCalls.php(23): Illuminate\\Database\\Eloquent\\Builder->create(Array)
#15 /home/user/SLR/vendor/laravel/framework/src/Illuminate/Database/Eloquent/Model.php(2339): Illuminate\\Database\\Eloquent\\Model->forwardCallTo(Object(Illuminate\\Database\\Eloquent\\Builder), 'create', Array)
#16 /home/user/SLR/vendor/laravel/framework/src/Illuminate/Database/Eloquent/Model.php(2351): Illuminate\\Database\\Eloquent\\Model->__call('create', Array)
#17 /home/user/SLR/app/Console/Commands/ScheduleUpdateBatteryTransactions.php(36): Illuminate\\Database\\Eloquent\\Model::__callStatic('create', Array)
#18 /home/user/SLR/vendor/laravel/framework/src/Illuminate/Container/BoundMethod.php(36): App\\Console\\Commands\\ScheduleUpdateBatteryTransactions->handle()
#19 /home/user/SLR/vendor/laravel/framework/src/Illuminate/Container/Util.php(41): Illuminate\\Container\\BoundMethod::Illuminate\\Container\\{closure}()
#20 /home/user/SLR/vendor/laravel/framework/src/Illuminate/Container/BoundMethod.php(93): Illuminate\\Container\\Util::unwrapIfClosure(Object(Closure))
#21 /home/user/SLR/vendor/laravel/framework/src/Illuminate/Container/BoundMethod.php(35): Illuminate\\Container\\BoundMethod::callBoundMethod(Object(Illuminate\\Foundation\\Application), Array, Object(Closure))
#22 /home/user/SLR/vendor/laravel/framework/src/Illuminate/Container/Container.php(662): Illuminate\\Container\\BoundMethod::call(Object(Illuminate\\Foundation\\Application), Array, Array, NULL)
#23 /home/user/SLR/vendor/laravel/framework/src/Illuminate/Console/Command.php(212): Illuminate\\Container\\Container->call(Array)
#24 /home/user/SLR/vendor/symfony/console/Command/Command.php(279): Illuminate\\Console\\Command->execute(Object(Symfony\\Component\\Console\\Input\\ArgvInput), Object(Illuminate\\Console\\OutputStyle))
#25 /home/user/SLR/vendor/laravel/framework/src/Illuminate/Console/Command.php(181): Symfony\\Component\\Console\\Command\\Command->run(Object(Symfony\\Component\\Console\\Input\\ArgvInput), Object(Illuminate\\Console\\OutputStyle))
#26 /home/user/SLR/vendor/symfony/console/Application.php(1049): Illuminate\\Console\\Command->run(Object(Symfony\\Component\\Console\\Input\\ArgvInput), Object(Symfony\\Component\\Console\\Output\\ConsoleOutput))
#27 /home/user/SLR/vendor/symfony/console/Application.php(318): Symfony\\Component\\Console\\Application->doRunCommand(Object(App\\Console\\Commands\\ScheduleUpdateBatteryTransactions), Object(Symfony\\Component\\Console\\Input\\ArgvInput), Object(Symfony\\Component\\Console\\Output\\ConsoleOutput))
#28 /home/user/SLR/vendor/symfony/console/Application.php(169): Symfony\\Component\\Console\\Application->doRun(Object(Symfony\\Component\\Console\\Input\\ArgvInput), Object(Symfony\\Component\\Console\\Output\\ConsoleOutput))
#29 /home/user/SLR/vendor/laravel/framework/src/Illuminate/Foundation/Console/Kernel.php(196): Symfony\\Component\\Console\\Application->run(Object(Symfony\\Component\\Console\\Input\\ArgvInput), Object(Symfony\\Component\\Console\\Output\\ConsoleOutput))
#30 /home/user/SLR/artisan(35): Illuminate\\Foundation\\Console\\Kernel->handle(Object(Symfony\\Component\\Console\\Input\\ArgvInput), Object(Symfony\\Component\\Console\\Output\\ConsoleOutput))
#31 {main}
"} 
[2025-12-23 07:34:06] local.ERROR: SQLSTATE[23000]: Integrity constraint violation: 19 NOT NULL constraint failed: battery_transactions.battery_id (Connection: sqlite, SQL: insert into "battery_transactions" ("datetime", "price_cents", "action", "updated_at", "created_at") values (2025-12-23 07:34:06, 25.5, discharge, 2025-12-23 07:34:06, 2025-12-23 07:34:06)) {"exception":"[object] (Illuminate\\Database\\QueryException(code: 23000): SQLSTATE[23000]: Integrity constraint violation: 19 NOT NULL constraint failed: battery_transactions.battery_id (Connection: sqlite, SQL: insert into \"battery_transactions\" (\"datetime\", \"price_cents\", \"action\", \"updated_at\", \"created_at\") values (2025-12-23 07:34:06, 25.5, discharge, 2025-12-23 07:34:06, 2025-12-23 07:34:06)) at /home/user/SLR/vendor/laravel/framework/src/Illuminate/Database/Connection.php:813)
[stacktrace]
#0 /home/user/SLR/vendor/laravel/framework/src/Illuminate/Database/Connection.php(767): Illuminate\\Database\\Connection->runQueryCallback('insert into \"ba...', Array, Object(Closure))
#1 /home/user/SLR/vendor/laravel/framework/src/Illuminate/Database/Connection.php(560): Illuminate\\Database\\Connection->run('insert into \"ba...', Array, Object(Closure))
#2 /home/user/SLR/vendor/laravel/framework/src/Illuminate/Database/Connection.php(524): Illuminate\\Database\\Connection->statement('insert into \"ba...', Array)
#3 /home/user/SLR/vendor/laravel/framework/src/Illuminate/Database/Query/Processors/Processor.php(32): Illuminate\\Database\\Connection->insert('insert into \"ba...', Array)
#4 /home/user/SLR/vendor/laravel/framework/src/Illuminate/Database/Query/Builder.php(3560): Illuminate\\Database\\Query\\Processors\\Processor->processInsertGetId(Object(Illuminate\\Database\\Query\\Builder), 'insert into \"ba...', Array, 'id')
#5 /home/user/SLR/vendor/laravel/framework/src/Illuminate/Database/Eloquent/Builder.php(1971): Illuminate\\Database\\Query\\Builder->insertGetId(Array, 'id')
#6 /home/user/SLR/vendor/laravel/framework/src/Illuminate/Database/Eloquent/Model.php(1338): Illuminate\\Database\\Eloquent\\Builder->__call('insertGetId', Array)
#7 /home/user/SLR/vendor/laravel/framework/src/Illuminate/Database/Eloquent/Model.php(1303): Illuminate\\Database\\Eloquent\\Model->insertAndSetId(Object(Illuminate\\Database\\Eloquent\\Builder), Array)
#8 /home/user/SLR/vendor/laravel/framework/src/Illuminate/Database/Eloquent/Model.php(1142): Illuminate\\Database\\Eloquent\\Model->performInsert(Object(Illuminate\\Database\\Eloquent\\Builder))
#9 /home/user/SLR/vendor/laravel/framework/src/Illuminate/Database/Eloquent/Builder.php(1026): Illuminate\\Database\\Eloquent\\Model->save()
#10 /home/user/SLR/vendor/laravel/framework/src/Illuminate/Support/helpers.php(345): Illuminate\\Database\\Eloquent\\Builder->Illuminate\\Database\\Eloquent\\{closure}(Object(App\\BatteryTransaction))
#11 /home/user/SLR/vendor/laravel/framework/src/Illuminate/Database/Eloquent/Builder.php(1025): tap(Object(App\\BatteryTransaction), Object(Closure))
#12 /home/user/SLR/vendor/laravel/framework/src/Illuminate/Support/Traits/ForwardsCalls.php(23): Illuminate\\Database\\Eloquent\\Builder->create(Array)
#13 /home/user/SLR/vendor/laravel/framework/src/Illuminate/Database/Eloquent/Model.php(2339): Illuminate\\Database\\Eloquent\\Model->forwardCallTo(Object(Illuminate\\Database\\Eloquent\\Builder), 'create', Array)
#14 /home/user/SLR/vendor/laravel/framework/src/Illuminate/Database/Eloquent/Model.php(2351): Illuminate\\Database\\Eloquent\\Model->__call('create', Array)
#15 /home/user/SLR/app/Console/Commands/ScheduleUpdateBatteryTransactions.php(36): Illuminate\\Database\\Eloquent\\Model::__callStatic('create', Array)
#16 /home/user/SLR/vendor/laravel/framework/src/Illuminate/Container/BoundMethod.php(36): App\\Console\\Commands\\ScheduleUpdateBatteryTransactions->handle()
#17 /home/user/SLR/vendor/laravel/framework/src/Illuminate/Container/Util.php(41): Illuminate\\Container\\BoundMethod::Illuminate\\Container\\{closure}()
#18 /home/user/SLR/vendor/laravel/framework/src/Illuminate/Container/BoundMethod.php(93): Illuminate\\Container\\Util::unwrapIfClosure(Object(Closure))
#19 /home/user/SLR/vendor/laravel/framework/src/Illuminate/Container/BoundMethod.php(35): Illuminate\\Container\\BoundMethod::callBoundMethod(Object(Illuminate\\Foundation\\Application), Array, Object(Closure))
#20 /home/user/SLR/vendor/laravel/framework/src/Illuminate/Container/Container.php(662): Illuminate\\Container\\BoundMethod::call(Object(Illuminate\\Foundation\\Application), Array, Array, NULL)
#21 /home/user/SLR/vendor/laravel/framework/src/Illuminate/Console/Command.php(212): Illuminate\\Container\\Container->call(Array)
#22 /home/user/SLR/vendor/symfony/console/Command/Command.php(279): Illuminate\\Console\\Command->execute(Object(Symfony\\Component\\Console\\Input\\ArgvInput), Object(Illuminate\\Console\\OutputStyle))
#23 /home/user/SLR/vendor/laravel/framework/src/Illuminate/Console/Command.php(181): Symfony\\Component\\Console\\Command\\Command->run(Object(Symfony\\Component\\Console\\Input\\ArgvInput), Object(Illuminate\\Console\\OutputStyle))
#24 /home/user/SLR/vendor/symfony/console/Application.php(1049): Illuminate\\Console\\Command->run(Object(Symfony\\Component\\Console\\Input\\ArgvInput), Object(Symfony\\Component\\Console\\Output\\ConsoleOutput))
#25 /home/user/SLR/vendor/symfony/console/Application.php(318): Symfony\\Component\\Console\\Application->doRunCommand(Object(App\\Console\\Commands\\ScheduleUpdateBatteryTransactions), Object(Symfony\\Component\\Console\\Input\\ArgvInput), Object(Symfony\\Component\\Console\\Output\\ConsoleOutput))
#26 /home/user/SLR/vendor/symfony/console/Application.php(169): Symfony\\Component\\Console\\Application->doRun(Object(Symfony\\Component\\Console\\Input\\ArgvInput), Object(Symfony\\Component\\Console\\Output\\ConsoleOutput))
#27 /home/user/SLR/vendor/laravel/framework/src/Illuminate/Foundation/Console/Kernel.php(196): Symfony\\Component\\Console\\Application->run(Object(Symfony\\Component\\Console\\Input\\ArgvInput), Object(Symfony\\Component\\Console\\Output\\ConsoleOutput))
#28 /home/user/SLR/artisan(35): Illuminate\\Foundation\\Console\\Kernel->handle(Object(Symfony\\Component\\Console\\Input\\ArgvInput), Object(Symfony\\Component\\Console\\Output\\ConsoleOutput))
#29 {main}

[previous exception] [object] (PDOException(code: 23000): SQLSTATE[23000]: Integrity constraint violation: 19 NOT NULL constraint failed: battery_transactions.battery_id at /home/user/SLR/vendor/laravel/framework/src/Illuminate/Database/Connection.php:571)
[stacktrace]
#0 /home/user/SLR/vendor/laravel/framework/src/Illuminate/Database/Connection.php(571): PDOStatement->execute()
#1 /home/user/SLR/vendor/laravel/framework/src/Illuminate/Database/Connection.php(800): Illuminate\\Database\\Connection->Illuminate\\Database\\{closure}('insert into \"ba...', Array)
#2 /home/user/SLR/vendor/laravel/framework/src/Illuminate/Database/Connection.php(767): Illuminate\\Database\\Connection->runQueryCallback('insert into \"ba...', Array, Object(Closure))
#3 /home/user/SLR/vendor/laravel/framework/src/Illuminate/Database/Connection.php(560): Illuminate\\Database\\Connection->run('insert into \"ba...', Array, Object(Closure))
#4 /home/user/SLR/vendor/laravel/framework/src/Illuminate/Database/Connection.php(524): Illuminate\\Database\\Connection->statement('insert into \"ba...', Array)
#5 /home/user/SLR/vendor/laravel/framework/src/Illuminate/Database/Query/Processors/Processor.php(32): Illuminate\\Database\\Connection->insert('insert into \"ba...', Array)
#6 /home/user/SLR/vendor/laravel/framework/src/Illuminate/Database/Query/Builder.php(3560): Illuminate\\Database\\Query\\Processors\\Processor->processInsertGetId(Object(Illuminate\\Database\\Query\\Builder), 'insert into \"ba...', Array, 'id')
#7 /home/user/SLR/vendor/laravel/framework/src/Illuminate/Database/Eloquent/Builder.php(1971): Illuminate\\Database\\Query\\Builder->insertGetId(Array, 'id')
#8 /home/user/SLR/vendor/laravel/framework/src/Illuminate/Database/Eloquent/Model.php(1338): Illuminate\\Database\\Eloquent\\Builder->__call('insertGetId', Array)
#9 /home/user/SLR/vendor/laravel/framework/src/Illuminate/Database/Eloquent/Model.php(1303): Illuminate\\Database\\Eloquent\\Model->insertAndSetId(Object(Illuminate\\Database\\Eloquent\\Builder), Array)
#10 /home/user/SLR/vendor/laravel/framework/src/Illuminate/Database/Eloquent/Model.php(1142): Illuminate\\Database\\Eloquent\\Model->performInsert(Object(Illuminate\\Database\\Eloquent\\Builder))
#11 /home/user/SLR/vendor/laravel/framework/src/Illuminate/Database/Eloquent/Builder.php(1026): Illuminate\\Database\\Eloquent\\Model->save()
#12 /home/user/SLR/vendor/laravel/framework/src/Illuminate/Support/helpers.php(345): Illuminate\\Database\\Eloquent\\Builder->Illuminate\\Database\\Eloquent\\{closure}(Object(App\\BatteryTransaction))
#13 /home/user/SLR/vendor/laravel/framework/src/Illuminate/Database/Eloquent/Builder.php(1025): tap(Object(App\\BatteryTransaction), Object(Closure))
#14 /home/user/SLR/vendor/laravel/framework/src/Illuminate/Support/Traits/ForwardsCalls.php(23): Illuminate\\Database\\Eloquent\\Builder->create(Array)
#15 /home/user/SLR/vendor/laravel/framework/src/Illuminate/Database/Eloquent/Model.php(2339): Illuminate\\Database\\Eloquent\\Model->forwardCallTo(Object(Illuminate\\Database\\Eloquent\\Builder), 'create', Array)
#16 /home/user/SLR/vendor/laravel/framework/src/Illuminate/Database/Eloquent/Model.php(2351): Illuminate\\Database\\Eloquent\\Model->__call('create', Array)
#17 /home/user/SLR/app/Console/Commands/ScheduleUpdateBatteryTransactions.php(36): Illuminate\\Database\\Eloquent\\Model::__callStatic('create', Array)
#18 /home/user/SLR/vendor/laravel/framework/src/Illuminate/Container/BoundMethod.php(36): App\\Console\\Commands\\ScheduleUpdateBatteryTransactions->handle()
#19 /home/user/SLR/vendor/laravel/framework/src/Illuminate/Container/Util.php(41): Illuminate\\Container\\BoundMethod::Illuminate\\Container\\{closure}()
#20 /home/user/SLR/vendor/laravel/framework/src/Illuminate/Container/BoundMethod.php(93): Illuminate\\Container\\Util::unwrapIfClosure(Object(Closure))
#21 /home/user/SLR/vendor/laravel/framework/src/Illuminate/Container/BoundMethod.php(35): Illuminate\\Container\\BoundMethod::callBoundMethod(Object(Illuminate\\Foundation\\Application), Array, Object(Closure))
#22 /home/user/SLR/vendor/laravel/framework/src/Illuminate/Container/Container.php(662): Illuminate\\Container\\BoundMethod::call(Object(Illuminate\\Foundation\\Application), Array, Array, NULL)
#23 /home/user/SLR/vendor/laravel/framework/src/Illuminate/Console/Command.php(212): Illuminate\\Container\\Container->call(Array)
#24 /home/user/SLR/vendor/symfony/console/Command/Command.php(279): Illuminate\\Console\\Command->execute(Object(Symfony\\Component\\Console\\Input\\ArgvInput), Object(Illuminate\\Console\\OutputStyle))
#25 /home/user/SLR/vendor/laravel/framework/src/Illuminate/Console/Command.php(181): Symfony\\Component\\Console\\Command\\Command->run(Object(Symfony\\Component\\Console\\Input\\ArgvInput), Object(Illuminate\\Console\\OutputStyle))
#26 /home/user/SLR/vendor/symfony/console/Application.php(1049): Illuminate\\Console\\Command->run(Object(Symfony\\Component\\Console\\Input\\ArgvInput), Object(Symfony\\Component\\Console\\Output\\ConsoleOutput))
#27 /home/user/SLR/vendor/symfony/console/Application.php(318): Symfony\\Component\\Console\\Application->doRunCommand(Object(App\\Console\\Commands\\ScheduleUpdateBatteryTransactions), Object(Symfony\\Component\\Console\\Input\\ArgvInput), Object(Symfony\\Component\\Console\\Output\\ConsoleOutput))
#28 /home/user/SLR/vendor/symfony/console/Application.php(169): Symfony\\Component\\Console\\Application->doRun(Object(Symfony\\Component\\Console\\Input\\ArgvInput), Object(Symfony\\Component\\Console\\Output\\ConsoleOutput))
#29 /home/user/SLR/vendor/laravel/framework/src/Illuminate/Foundation/Console/Kernel.php(196): Symfony\\Component\\Console\\Application->run(Object(Symfony\\Component\\Console\\Input\\ArgvInput), Object(Symfony\\Component\\Console\\Output\\ConsoleOutput))
#30 /home/user/SLR/artisan(35): Illuminate\\Foundation\\Console\\Kernel->handle(Object(Symfony\\Component\\Console\\Input\\ArgvInput), Object(Symfony\\Component\\Console\\Output\\ConsoleOutput))
#31 {main}
"} 
[2025-12-23 07:34:22] local.ERROR: SQLSTATE[HY000]: General error: 1 table battery_transactions has no column named battery_setting_id (Connection: sqlite, SQL: insert into "battery_transactions" ("datetime", "price_cents", "action", "battery_setting_id", "updated_at", "created_at") values (2025-12-23 07:34:22, 25.5, discharge, 1, 2025-12-23 07:34:22, 2025-12-23 07:34:22)) {"exception":"[object] (Illuminate\\Database\\QueryException(code: HY000): SQLSTATE[HY000]: General error: 1 table battery_transactions has no column named battery_setting_id (Connection: sqlite, SQL: insert into \"battery_transactions\" (\"datetime\", \"price_cents\", \"action\", \"battery_setting_id\", \"updated_at\", \"created_at\") values (2025-12-23 07:34:22, 25.5, discharge, 1, 2025-12-23 07:34:22, 2025-12-23 07:34:22)) at /home/user/SLR/vendor/laravel/framework/src/Illuminate/Database/Connection.php:813)
[stacktrace]
#0 /home/user/SLR/vendor/laravel/framework/src/Illuminate/Database/Connection.php(767): Illuminate\\Database\\Connection->runQueryCallback('insert into \"ba...', Array, Object(Closure))
#1 /home/user/SLR/vendor/laravel/framework/src/Illuminate/Database/Connection.php(560): Illuminate\\Database\\Connection->run('insert into \"ba...', Array, Object(Closure))
#2 /home/user/SLR/vendor/laravel/framework/src/Illuminate/Database/Connection.php(524): Illuminate\\Database\\Connection->statement('insert into \"ba...', Array)
#3 /home/user/SLR/vendor/laravel/framework/src/Illuminate/Database/Query/Processors/Processor.php(32): Illuminate\\Database\\Connection->insert('insert into \"ba...', Array)
#4 /home/user/SLR/vendor/laravel/framework/src/Illuminate/Database/Query/Builder.php(3560): Illuminate\\Database\\Query\\Processors\\Processor->processInsertGetId(Object(Illuminate\\Database\\Query\\Builder), 'insert into \"ba...', Array, 'id')
#5 /home/user/SLR/vendor/laravel/framework/src/Illuminate/Database/Eloquent/Builder.php(1971): Illuminate\\Database\\Query\\Builder->insertGetId(Array, 'id')
#6 /home/user/SLR/vendor/laravel/framework/src/Illuminate/Database/Eloquent/Model.php(1338): Illuminate\\Database\\Eloquent\\Builder->__call('insertGetId', Array)
#7 /home/user/SLR/vendor/laravel/framework/src/Illuminate/Database/Eloquent/Model.php(1303): Illuminate\\Database\\Eloquent\\Model->insertAndSetId(Object(Illuminate\\Database\\Eloquent\\Builder), Array)
#8 /home/user/SLR/vendor/laravel/framework/src/Illuminate/Database/Eloquent/Model.php(1142): Illuminate\\Database\\Eloquent\\Model->performInsert(Object(Illuminate\\Database\\Eloquent\\Builder))
#9 /home/user/SLR/vendor/laravel/framework/src/Illuminate/Database/Eloquent/Builder.php(1026): Illuminate\\Database\\Eloquent\\Model->save()
#10 /home/user/SLR/vendor/laravel/framework/src/Illuminate/Support/helpers.php(345): Illuminate\\Database\\Eloquent\\Builder->Illuminate\\Database\\Eloquent\\{closure}(Object(App\\BatteryTransaction))
#11 /home/user/SLR/vendor/laravel/framework/src/Illuminate/Database/Eloquent/Builder.php(1025): tap(Object(App\\BatteryTransaction), Object(Closure))
#12 /home/user/SLR/vendor/laravel/framework/src/Illuminate/Support/Traits/ForwardsCalls.php(23): Illuminate\\Database\\Eloquent\\Builder->create(Array)
#13 /home/user/SLR/vendor/laravel/framework/src/Illuminate/Database/Eloquent/Model.php(2339): Illuminate\\Database\\Eloquent\\Model->forwardCallTo(Object(Illuminate\\Database\\Eloquent\\Builder), 'create', Array)
#14 /home/user/SLR/vendor/laravel/framework/src/Illuminate/Database/Eloquent/Model.php(2351): Illuminate\\Database\\Eloquent\\Model->__call('create', Array)
#15 /home/user/SLR/app/Console/Commands/ScheduleUpdateBatteryTransactions.php(36): Illuminate\\Database\\Eloquent\\Model::__callStatic('create', Array)
#16 /home/user/SLR/vendor/laravel/framework/src/Illuminate/Container/BoundMethod.php(36): App\\Console\\Commands\\ScheduleUpdateBatteryTransactions->handle()
#17 /home/user/SLR/vendor/laravel/framework/src/Illuminate/Container/Util.php(41): Illuminate\\Container\\BoundMethod::Illuminate\\Container\\{closure}()
#18 /home/user/SLR/vendor/laravel/framework/src/Illuminate/Container/BoundMethod.php(93): Illuminate\\Container\\Util::unwrapIfClosure(Object(Closure))
#19 /home/user/SLR/vendor/laravel/framework/src/Illuminate/Container/BoundMethod.php(35): Illuminate\\Container\\BoundMethod::callBoundMethod(Object(Illuminate\\Foundation\\Application), Array, Object(Closure))
#20 /home/user/SLR/vendor/laravel/framework/src/Illuminate/Container/Container.php(662): Illuminate\\Container\\BoundMethod::call(Object(Illuminate\\Foundation\\Application), Array, Array, NULL)
#21 /home/user/SLR/vendor/laravel/framework/src/Illuminate/Console/Command.php(212): Illuminate\\Container\\Container->call(Array)
#22 /home/user/SLR/vendor/symfony/console/Command/Command.php(279): Illuminate\\Console\\Command->execute(Object(Symfony\\Component\\Console\\Input\\ArgvInput), Object(Illuminate\\Console\\OutputStyle))
#23 /home/user/SLR/vendor/laravel/framework/src/Illuminate/Console/Command.php(181): Symfony\\Component\\Console\\Command\\Command->run(Object(Symfony\\Component\\Console\\Input\\ArgvInput), Object(Illuminate\\Console\\OutputStyle))
#24 /home/user/SLR/vendor/symfony/console/Application.php(1049): Illuminate\\Console\\Command->run(Object(Symfony\\Component\\Console\\Input\\ArgvInput), Object(Symfony\\Component\\Console\\Output\\ConsoleOutput))
#25 /home/user/SLR/vendor/symfony/console/Application.php(318): Symfony\\Component\\Console\\Application->doRunCommand(Object(App\\Console\\Commands\\ScheduleUpdateBatteryTransactions), Object(Symfony\\Component\\Console\\Input\\ArgvInput), Object(Symfony\\Component\\Console\\Output\\ConsoleOutput))
#26 /home/user/SLR/vendor/symfony/console/Application.php(169): Symfony\\Component\\Console\\Application->doRun(Object(Symfony\\Component\\Console\\Input\\ArgvInput), Object(Symfony\\Component\\Console\\Output\\ConsoleOutput))
#27 /home/user/SLR/vendor/laravel/framework/src/Illuminate/Foundation/Console/Kernel.php(196): Symfony\\Component\\Console\\Application->run(Object(Symfony\\Component\\Console\\Input\\ArgvInput), Object(Symfony\\Component\\Console\\Output\\ConsoleOutput))
#28 /home/user/SLR/artisan(35): Illuminate\\Foundation\\Console\\Kernel->handle(Object(Symfony\\Component\\Console\\Input\\ArgvInput), Object(Symfony\\Component\\Console\\Output\\ConsoleOutput))
#29 {main}

[previous exception] [object] (PDOException(code: HY000): SQLSTATE[HY000]: General error: 1 table battery_transactions has no column named battery_setting_id at /home/user/SLR/vendor/laravel/framework/src/Illuminate/Database/Connection.php:565)
[stacktrace]
#0 /home/user/SLR/vendor/laravel/framework/src/Illuminate/Database/Connection.php(565): PDO->prepare('insert into \"ba...')
#1 /home/user/SLR/vendor/laravel/framework/src/Illuminate/Database/Connection.php(800): Illuminate\\Database\\Connection->Illuminate\\Database\\{closure}('insert into \"ba...', Array)
#2 /home/user/SLR/vendor/laravel/framework/src/Illuminate/Database/Connection.php(767): Illuminate\\Database\\Connection->runQueryCallback('insert into \"ba...', Array, Object(Closure))
#3 /home/user/SLR/vendor/laravel/framework/src/Illuminate/Database/Connection.php(560): Illuminate\\Database\\Connection->run('insert into \"ba...', Array, Object(Closure))
#4 /home/user/SLR/vendor/laravel/framework/src/Illuminate/Database/Connection.php(524): Illuminate\\Database\\Connection->statement('insert into \"ba...', Array)
#5 /home/user/SLR/vendor/laravel/framework/src/Illuminate/Database/Query/Processors/Processor.php(32): Illuminate\\Database\\Connection->insert('insert into \"ba...', Array)
#6 /home/user/SLR/vendor/laravel/framework/src/Illuminate/Database/Query/Builder.php(3560): Illuminate\\Database\\Query\\Processors\\Processor->processInsertGetId(Object(Illuminate\\Database\\Query\\Builder), 'insert into \"ba...', Array, 'id')
#7 /home/user/SLR/vendor/laravel/framework/src/Illuminate/Database/Eloquent/Builder.php(1971): Illuminate\\Database\\Query\\Builder->insertGetId(Array, 'id')
#8 /home/user/SLR/vendor/laravel/framework/src/Illuminate/Database/Eloquent/Model.php(1338): Illuminate\\Database\\Eloquent\\Builder->__call('insertGetId', Array)
#9 /home/user/SLR/vendor/laravel/framework/src/Illuminate/Database/Eloquent/Model.php(1303): Illuminate\\Database\\Eloquent\\Model->insertAndSetId(Object(Illuminate\\Database\\Eloquent\\Builder), Array)
#10 /home/user/SLR/vendor/laravel/framework/src/Illuminate/Database/Eloquent/Model.php(1142): Illuminate\\Database\\Eloquent\\Model->performInsert(Object(Illuminate\\Database\\Eloquent\\Builder))
#11 /home/user/SLR/vendor/laravel/framework/src/Illuminate/Database/Eloquent/Builder.php(1026): Illuminate\\Database\\Eloquent\\Model->save()
#12 /home/user/SLR/vendor/laravel/framework/src/Illuminate/Support/helpers.php(345): Illuminate\\Database\\Eloquent\\Builder->Illuminate\\Database\\Eloquent\\{closure}(Object(App\\BatteryTransaction))
#13 /home/user/SLR/vendor/laravel/framework/src/Illuminate/Database/Eloquent/Builder.php(1025): tap(Object(App\\BatteryTransaction), Object(Closure))
#14 /home/user/SLR/vendor/laravel/framework/src/Illuminate/Support/Traits/ForwardsCalls.php(23): Illuminate\\Database\\Eloquent\\Builder->create(Array)
#15 /home/user/SLR/vendor/laravel/framework/src/Illuminate/Database/Eloquent/Model.php(2339): Illuminate\\Database\\Eloquent\\Model->forwardCallTo(Object(Illuminate\\Database\\Eloquent\\Builder), 'create', Array)
#16 /home/user/SLR/vendor/laravel/framework/src/Illuminate/Database/Eloquent/Model.php(2351): Illuminate\\Database\\Eloquent\\Model->__call('create', Array)
#17 /home/user/SLR/app/Console/Commands/ScheduleUpdateBatteryTransactions.php(36): Illuminate\\Database\\Eloquent\\Model::__callStatic('create', Array)
#18 /home/user/SLR/vendor/laravel/framework/src/Illuminate/Container/BoundMethod.php(36): App\\Console\\Commands\\ScheduleUpdateBatteryTransactions->handle()
#19 /home/user/SLR/vendor/laravel/framework/src/Illuminate/Container/Util.php(41): Illuminate\\Container\\BoundMethod::Illuminate\\Container\\{closure}()
#20 /home/user/SLR/vendor/laravel/framework/src/Illuminate/Container/BoundMethod.php(93): Illuminate\\Container\\Util::unwrapIfClosure(Object(Closure))
#21 /home/user/SLR/vendor/laravel/framework/src/Illuminate/Container/BoundMethod.php(35): Illuminate\\Container\\BoundMethod::callBoundMethod(Object(Illuminate\\Foundation\\Application), Array, Object(Closure))
#22 /home/user/SLR/vendor/laravel/framework/src/Illuminate/Container/Container.php(662): Illuminate\\Container\\BoundMethod::call(Object(Illuminate\\Foundation\\Application), Array, Array, NULL)
#23 /home/user/SLR/vendor/laravel/framework/src/Illuminate/Console/Command.php(212): Illuminate\\Container\\Container->call(Array)
#24 /home/user/SLR/vendor/symfony/console/Command/Command.php(279): Illuminate\\Console\\Command->execute(Object(Symfony\\Component\\Console\\Input\\ArgvInput), Object(Illuminate\\Console\\OutputStyle))
#25 /home/user/SLR/vendor/laravel/framework/src/Illuminate/Console/Command.php(181): Symfony\\Component\\Console\\Command\\Command->run(Object(Symfony\\Component\\Console\\Input\\ArgvInput), Object(Illuminate\\Console\\OutputStyle))
#26 /home/user/SLR/vendor/symfony/console/Application.php(1049): Illuminate\\Console\\Command->run(Object(Symfony\\Component\\Console\\Input\\ArgvInput), Object(Symfony\\Component\\Console\\Output\\ConsoleOutput))
#27 /home/user/SLR/vendor/symfony/console/Application.php(318): Symfony\\Component\\Console\\Application->doRunCommand(Object(App\\Console\\Commands\\ScheduleUpdateBatteryTransactions), Object(Symfony\\Component\\Console\\Input\\ArgvInput), Object(Symfony\\Component\\Console\\Output\\ConsoleOutput))
#28 /home/user/SLR/vendor/symfony/console/Application.php(169): Symfony\\Component\\Console\\Application->doRun(Object(Symfony\\Component\\Console\\Input\\ArgvInput), Object(Symfony\\Component\\Console\\Output\\ConsoleOutput))
#29 /home/user/SLR/vendor/laravel/framework/src/Illuminate/Foundation/Console/Kernel.php(196): Symfony\\Component\\Console\\Application->run(Object(Symfony\\Component\\Console\\Input\\ArgvInput), Object(Symfony\\Component\\Console\\Output\\ConsoleOutput))
#30 /home/user/SLR/artisan(35): Illuminate\\Foundation\\Console\\Kernel->handle(Object(Symfony\\Component\\Console\\Input\\ArgvInput), Object(Symfony\\Component\\Console\\Output\\ConsoleOutput))
#31 {main}
"} 
